0 info it worked if it ends with ok
1 verbose cli [ '/usr/local/bin/node',
1 verbose cli   '/Users/francoagustinrabaglia/.node/bin/npm',
1 verbose cli   'start' ]
2 info using npm@3.5.3
3 info using node@v5.2.0
4 verbose run-script [ 'prestart', 'start', 'poststart' ]
5 info lifecycle maridar@0.0.0~prestart: maridar@0.0.0
6 silly lifecycle maridar@0.0.0~prestart: no script for prestart, continuing
7 info lifecycle maridar@0.0.0~start: maridar@0.0.0
8 verbose lifecycle maridar@0.0.0~start: unsafe-perm in lifecycle true
9 verbose lifecycle maridar@0.0.0~start: PATH: /Users/francoagustinrabaglia/.node/lib/node_modules/npm/bin/node-gyp-bin:/Users/francoagustinrabaglia/Desarrollo/Node apps/maridar_material/node_modules/.bin:/opt/local/bin:/opt/local/sbin:/opt/local/bin:/opt/local/sbin:/opt/local/bin:/opt/local/sbin:/opt/local/bin:/opt/local/sbin:/Users/francoagustinrabaglia/.node/bin:/usr/local/bin:~/.composer/vendor/bin:/usr/local/bin:/usr/bin:/bin:/usr/sbin:/sbin:/Library/TeX/texbin:/Users/francoagustinrabaglia/.rvm/bin
10 verbose lifecycle maridar@0.0.0~start: CWD: /Users/francoagustinrabaglia/Desarrollo/Node apps/maridar_material
11 silly lifecycle maridar@0.0.0~start: Args: [ '-c', 'node ./bin/www' ]
12 silly lifecycle maridar@0.0.0~start: Returned: code: 1  signal: null
13 info lifecycle maridar@0.0.0~start: Failed to exec start script
14 verbose stack Error: maridar@0.0.0 start: `node ./bin/www`
14 verbose stack Exit status 1
14 verbose stack     at EventEmitter.<anonymous> (/Users/francoagustinrabaglia/.node/lib/node_modules/npm/lib/utils/lifecycle.js:232:16)
14 verbose stack     at emitTwo (events.js:88:13)
14 verbose stack     at EventEmitter.emit (events.js:173:7)
14 verbose stack     at ChildProcess.<anonymous> (/Users/francoagustinrabaglia/.node/lib/node_modules/npm/lib/utils/spawn.js:24:14)
14 verbose stack     at emitTwo (events.js:88:13)
14 verbose stack     at ChildProcess.emit (events.js:173:7)
14 verbose stack     at maybeClose (internal/child_process.js:819:16)
14 verbose stack     at Process.ChildProcess._handle.onexit (internal/child_process.js:212:5)
15 verbose pkgid maridar@0.0.0
16 verbose cwd /Users/francoagustinrabaglia/Desarrollo/Node apps/maridar_material
17 error Darwin 15.2.0
18 error argv "/usr/local/bin/node" "/Users/francoagustinrabaglia/.node/bin/npm" "start"
19 error node v5.2.0
20 error npm  v3.5.3
21 error code ELIFECYCLE
22 error maridar@0.0.0 start: `node ./bin/www`
22 error Exit status 1
23 error Failed at the maridar@0.0.0 start script 'node ./bin/www'.
23 error Make sure you have the latest version of node.js and npm installed.
23 error If you do, this is most likely a problem with the maridar package,
23 error not with npm itself.
23 error Tell the author that this fails on your system:
23 error     node ./bin/www
23 error You can get information on how to open an issue for this project with:
23 error     npm bugs maridar
23 error Or if that isn't available, you can get their info via:
23 error     npm owner ls maridar
23 error There is likely additional logging output above.
24 verbose exit [ 1, true ]
